{"/Users/mac/Github code shit/cash-flow-wave/src/components/AddAccountModal.tsx": {"path":"/Users/mac/Github code shit/cash-flow-wave/src/components/AddAccountModal.tsx","statementMap":{"0":{"start":{"line":16,"column":63},"end":{"line":166,"column":1}},"1":{"start":{"line":17,"column":17},"end":{"line":17,"column":33}},"2":{"start":{"line":18,"column":16},"end":{"line":18,"column":32}},"3":{"start":{"line":20,"column":18},"end":{"line":20,"column":28}},"4":{"start":{"line":21,"column":26},"end":{"line":21,"column":66}},"5":{"start":{"line":22,"column":32},"end":{"line":22,"column":44}},"6":{"start":{"line":23,"column":32},"end":{"line":23,"column":47}},"7":{"start":{"line":24,"column":28},"end":{"line":24,"column":40}},"8":{"start":{"line":26,"column":21},"end":{"line":57,"column":3}},"9":{"start":{"line":27,"column":4},"end":{"line":30,"column":5}},"10":{"start":{"line":28,"column":6},"end":{"line":28,"column":42}},"11":{"start":{"line":29,"column":6},"end":{"line":29,"column":12}},"12":{"start":{"line":32,"column":25},"end":{"line":32,"column":26}},"13":{"start":{"line":33,"column":4},"end":{"line":40,"column":5}},"14":{"start":{"line":34,"column":21},"end":{"line":34,"column":58}},"15":{"start":{"line":35,"column":6},"end":{"line":38,"column":7}},"16":{"start":{"line":36,"column":8},"end":{"line":36,"column":42}},"17":{"start":{"line":37,"column":8},"end":{"line":37,"column":14}},"18":{"start":{"line":39,"column":6},"end":{"line":39,"column":38}},"19":{"start":{"line":42,"column":4},"end":{"line":42,"column":20}},"20":{"start":{"line":43,"column":4},"end":{"line":43,"column":16}},"21":{"start":{"line":45,"column":16},"end":{"line":45,"column":99}},"22":{"start":{"line":46,"column":4},"end":{"line":46,"column":21}},"23":{"start":{"line":48,"column":4},"end":{"line":56,"column":5}},"24":{"start":{"line":49,"column":6},"end":{"line":49,"column":26}},"25":{"start":{"line":50,"column":6},"end":{"line":50,"column":20}},"26":{"start":{"line":51,"column":6},"end":{"line":51,"column":32}},"27":{"start":{"line":52,"column":6},"end":{"line":52,"column":17}},"28":{"start":{"line":53,"column":6},"end":{"line":53,"column":15}},"29":{"start":{"line":55,"column":6},"end":{"line":55,"column":55}},"30":{"start":{"line":59,"column":2},"end":{"line":165,"column":3}},"31":{"start":{"line":89,"column":35},"end":{"line":89,"column":61}},"32":{"start":{"line":105,"column":35},"end":{"line":105,"column":65}},"33":{"start":{"line":122,"column":43},"end":{"line":122,"column":64}},"34":{"start":{"line":134,"column":41},"end":{"line":134,"column":80}},"35":{"start":{"line":168,"column":15},"end":{"line":275,"column":2}}},"fnMap":{"0":{"name":"(anonymous_0)","decl":{"start":{"line":16,"column":63},"end":{"line":16,"column":64}},"loc":{"start":{"line":16,"column":100},"end":{"line":166,"column":1}},"line":16},"1":{"name":"(anonymous_1)","decl":{"start":{"line":26,"column":21},"end":{"line":26,"column":22}},"loc":{"start":{"line":26,"column":33},"end":{"line":57,"column":3}},"line":26},"2":{"name":"(anonymous_2)","decl":{"start":{"line":89,"column":29},"end":{"line":89,"column":30}},"loc":{"start":{"line":89,"column":35},"end":{"line":89,"column":61}},"line":89},"3":{"name":"(anonymous_3)","decl":{"start":{"line":105,"column":29},"end":{"line":105,"column":30}},"loc":{"start":{"line":105,"column":35},"end":{"line":105,"column":65}},"line":105},"4":{"name":"(anonymous_4)","decl":{"start":{"line":122,"column":32},"end":{"line":122,"column":33}},"loc":{"start":{"line":122,"column":41},"end":{"line":122,"column":66}},"line":122},"5":{"name":"(anonymous_5)","decl":{"start":{"line":134,"column":32},"end":{"line":134,"column":33}},"loc":{"start":{"line":134,"column":41},"end":{"line":134,"column":80}},"line":134}},"branchMap":{"0":{"loc":{"start":{"line":27,"column":4},"end":{"line":30,"column":5}},"type":"if","locations":[{"start":{"line":27,"column":4},"end":{"line":30,"column":5}},{"start":{},"end":{}}],"line":27},"1":{"loc":{"start":{"line":33,"column":4},"end":{"line":40,"column":5}},"type":"if","locations":[{"start":{"line":33,"column":4},"end":{"line":40,"column":5}},{"start":{},"end":{}}],"line":33},"2":{"loc":{"start":{"line":35,"column":6},"end":{"line":38,"column":7}},"type":"if","locations":[{"start":{"line":35,"column":6},"end":{"line":38,"column":7}},{"start":{},"end":{}}],"line":35},"3":{"loc":{"start":{"line":48,"column":4},"end":{"line":56,"column":5}},"type":"if","locations":[{"start":{"line":48,"column":4},"end":{"line":56,"column":5}},{"start":{"line":54,"column":11},"end":{"line":56,"column":5}}],"line":48},"4":{"loc":{"start":{"line":55,"column":15},"end":{"line":55,"column":54}},"type":"binary-expr","locations":[{"start":{"line":55,"column":15},"end":{"line":55,"column":24}},{"start":{"line":55,"column":28},"end":{"line":55,"column":54}}],"line":55},"5":{"loc":{"start":{"line":64,"column":20},"end":{"line":64,"column":64}},"type":"cond-expr","locations":[{"start":{"line":64,"column":44},"end":{"line":64,"column":53}},{"start":{"line":64,"column":56},"end":{"line":64,"column":64}}],"line":64},"6":{"loc":{"start":{"line":77,"column":17},"end":{"line":77,"column":109}},"type":"cond-expr","locations":[{"start":{"line":77,"column":25},"end":{"line":77,"column":102}},{"start":{"line":77,"column":105},"end":{"line":77,"column":109}}],"line":77},"7":{"loc":{"start":{"line":85,"column":41},"end":{"line":85,"column":111}},"type":"cond-expr","locations":[{"start":{"line":85,"column":70},"end":{"line":85,"column":95}},{"start":{"line":85,"column":98},"end":{"line":85,"column":111}}],"line":85},"8":{"loc":{"start":{"line":86,"column":37},"end":{"line":86,"column":98}},"type":"cond-expr","locations":[{"start":{"line":86,"column":66},"end":{"line":86,"column":75}},{"start":{"line":86,"column":78},"end":{"line":86,"column":98}}],"line":86},"9":{"loc":{"start":{"line":91,"column":45},"end":{"line":91,"column":102}},"type":"cond-expr","locations":[{"start":{"line":91,"column":74},"end":{"line":91,"column":83}},{"start":{"line":91,"column":86},"end":{"line":91,"column":102}}],"line":91},"10":{"loc":{"start":{"line":92,"column":63},"end":{"line":92,"column":120}},"type":"cond-expr","locations":[{"start":{"line":92,"column":92},"end":{"line":92,"column":101}},{"start":{"line":92,"column":104},"end":{"line":92,"column":120}}],"line":92},"11":{"loc":{"start":{"line":101,"column":41},"end":{"line":101,"column":114}},"type":"cond-expr","locations":[{"start":{"line":101,"column":74},"end":{"line":101,"column":98}},{"start":{"line":101,"column":101},"end":{"line":101,"column":114}}],"line":101},"12":{"loc":{"start":{"line":102,"column":37},"end":{"line":102,"column":102}},"type":"cond-expr","locations":[{"start":{"line":102,"column":70},"end":{"line":102,"column":79}},{"start":{"line":102,"column":82},"end":{"line":102,"column":102}}],"line":102},"13":{"loc":{"start":{"line":107,"column":49},"end":{"line":107,"column":110}},"type":"cond-expr","locations":[{"start":{"line":107,"column":82},"end":{"line":107,"column":91}},{"start":{"line":107,"column":94},"end":{"line":107,"column":110}}],"line":107},"14":{"loc":{"start":{"line":108,"column":63},"end":{"line":108,"column":124}},"type":"cond-expr","locations":[{"start":{"line":108,"column":96},"end":{"line":108,"column":105}},{"start":{"line":108,"column":108},"end":{"line":108,"column":124}}],"line":108},"15":{"loc":{"start":{"line":117,"column":23},"end":{"line":117,"column":60}},"type":"cond-expr","locations":[{"start":{"line":117,"column":33},"end":{"line":117,"column":44}},{"start":{"line":117,"column":47},"end":{"line":117,"column":60}}],"line":117},"16":{"loc":{"start":{"line":138,"column":19},"end":{"line":140,"column":53}},"type":"cond-expr","locations":[{"start":{"line":139,"column":22},"end":{"line":139,"column":49}},{"start":{"line":140,"column":22},"end":{"line":140,"column":53}}],"line":138},"17":{"loc":{"start":{"line":153,"column":94},"end":{"line":153,"column":111}},"type":"cond-expr","locations":[{"start":{"line":153,"column":104},"end":{"line":153,"column":107}},{"start":{"line":153,"column":110},"end":{"line":153,"column":111}}],"line":153},"18":{"loc":{"start":{"line":157,"column":54},"end":{"line":157,"column":99}},"type":"cond-expr","locations":[{"start":{"line":157,"column":64},"end":{"line":157,"column":81}},{"start":{"line":157,"column":84},"end":{"line":157,"column":99}}],"line":157},"19":{"loc":{"start":{"line":185,"column":19},"end":{"line":185,"column":50}},"type":"cond-expr","locations":[{"start":{"line":185,"column":43},"end":{"line":185,"column":45}},{"start":{"line":185,"column":48},"end":{"line":185,"column":50}}],"line":185}},"s":{"0":1,"1":7,"2":7,"3":7,"4":7,"5":7,"6":7,"7":7,"8":7,"9":2,"10":0,"11":0,"12":2,"13":2,"14":0,"15":0,"16":0,"17":0,"18":0,"19":2,"20":2,"21":2,"22":2,"23":2,"24":2,"25":2,"26":2,"27":2,"28":2,"29":0,"30":7,"31":1,"32":1,"33":2,"34":1,"35":1},"f":{"0":7,"1":2,"2":1,"3":1,"4":2,"5":1},"b":{"0":[0,2],"1":[0,2],"2":[0,0],"3":[2,0],"4":[0,0],"5":[7,0],"6":[0,7],"7":[6,1],"8":[6,1],"9":[6,1],"10":[6,1],"11":[1,6],"12":[1,6],"13":[1,6],"14":[1,6],"15":[7,0],"16":[6,1],"17":[0,7],"18":[0,7],"19":[1,0]},"_coverageSchema":"1a1c01bbd47fc00a2c39e90264f33305004495a9","hash":"15fb3ca8b6d4cba3b52408c5aaeb26669bafb892"}
,"/Users/mac/Github code shit/cash-flow-wave/src/components/AddTransactionModal.tsx": {"path":"/Users/mac/Github code shit/cash-flow-wave/src/components/AddTransactionModal.tsx","statementMap":{"0":{"start":{"line":20,"column":20},"end":{"line":36,"column":2}},"1":{"start":{"line":21,"column":23},"end":{"line":24,"column":27}},"2":{"start":{"line":21,"column":38},"end":{"line":24,"column":3}},"3":{"start":{"line":26,"column":20},"end":{"line":28,"column":27}},"4":{"start":{"line":26,"column":35},"end":{"line":28,"column":3}},"5":{"start":{"line":30,"column":2},"end":{"line":35,"column":3}},"6":{"start":{"line":31,"column":66},"end":{"line":31,"column":81}},"7":{"start":{"line":38,"column":21},"end":{"line":54,"column":2}},"8":{"start":{"line":39,"column":23},"end":{"line":42,"column":38}},"9":{"start":{"line":39,"column":38},"end":{"line":42,"column":3}},"10":{"start":{"line":44,"column":20},"end":{"line":46,"column":27}},"11":{"start":{"line":44,"column":35},"end":{"line":46,"column":3}},"12":{"start":{"line":48,"column":2},"end":{"line":53,"column":3}},"13":{"start":{"line":49,"column":66},"end":{"line":49,"column":81}},"14":{"start":{"line":56,"column":71},"end":{"line":301,"column":1}},"15":{"start":{"line":57,"column":17},"end":{"line":57,"column":33}},"16":{"start":{"line":58,"column":47},"end":{"line":58,"column":60}},"17":{"start":{"line":59,"column":16},"end":{"line":59,"column":32}},"18":{"start":{"line":61,"column":28},"end":{"line":73,"column":3}},"19":{"start":{"line":62,"column":25},"end":{"line":62,"column":74}},"20":{"start":{"line":75,"column":18},"end":{"line":75,"column":28}},"21":{"start":{"line":77,"column":2},"end":{"line":114,"column":18}},"22":{"start":{"line":78,"column":29},"end":{"line":111,"column":5}},"23":{"start":{"line":79,"column":6},"end":{"line":110,"column":7}},"24":{"start":{"line":80,"column":21},"end":{"line":80,"column":76}},"25":{"start":{"line":81,"column":27},"end":{"line":81,"column":55}},"26":{"start":{"line":81,"column":44},"end":{"line":81,"column":54}},"27":{"start":{"line":83,"column":35},"end":{"line":83,"column":58}},"28":{"start":{"line":84,"column":8},"end":{"line":86,"column":9}},"29":{"start":{"line":85,"column":10},"end":{"line":85,"column":49}},"30":{"start":{"line":88,"column":39},"end":{"line":88,"column":41}},"31":{"start":{"line":89,"column":36},"end":{"line":89,"column":60}},"32":{"start":{"line":90,"column":8},"end":{"line":100,"column":9}},"33":{"start":{"line":91,"column":23},"end":{"line":91,"column":81}},"34":{"start":{"line":92,"column":29},"end":{"line":92,"column":112}},"35":{"start":{"line":93,"column":10},"end":{"line":93,"column":78}},"36":{"start":{"line":93,"column":42},"end":{"line":93,"column":77}},"37":{"start":{"line":95,"column":10},"end":{"line":99,"column":11}},"38":{"start":{"line":95,"column":92},"end":{"line":95,"column":122}},"39":{"start":{"line":96,"column":12},"end":{"line":96,"column":54}},"40":{"start":{"line":97,"column":17},"end":{"line":99,"column":11}},"41":{"start":{"line":98,"column":12},"end":{"line":98,"column":38}},"42":{"start":{"line":102,"column":8},"end":{"line":107,"column":10}},"43":{"start":{"line":109,"column":8},"end":{"line":109,"column":26}},"44":{"start":{"line":113,"column":4},"end":{"line":113,"column":22}},"45":{"start":{"line":116,"column":21},"end":{"line":153,"column":3}},"46":{"start":{"line":117,"column":4},"end":{"line":120,"column":5}},"47":{"start":{"line":118,"column":6},"end":{"line":118,"column":56}},"48":{"start":{"line":119,"column":6},"end":{"line":119,"column":12}},"49":{"start":{"line":121,"column":4},"end":{"line":124,"column":5}},"50":{"start":{"line":122,"column":6},"end":{"line":122,"column":53}},"51":{"start":{"line":123,"column":6},"end":{"line":123,"column":12}},"52":{"start":{"line":125,"column":4},"end":{"line":128,"column":5}},"53":{"start":{"line":126,"column":6},"end":{"line":126,"column":53}},"54":{"start":{"line":127,"column":6},"end":{"line":127,"column":12}},"55":{"start":{"line":130,"column":4},"end":{"line":130,"column":42}},"56":{"start":{"line":132,"column":26},"end":{"line":132,"column":77}},"57":{"start":{"line":134,"column":16},"end":{"line":141,"column":6}},"58":{"start":{"line":143,"column":4},"end":{"line":143,"column":32}},"59":{"start":{"line":145,"column":4},"end":{"line":152,"column":5}},"60":{"start":{"line":146,"column":6},"end":{"line":146,"column":30}},"61":{"start":{"line":147,"column":6},"end":{"line":147,"column":26}},"62":{"start":{"line":148,"column":6},"end":{"line":148,"column":17}},"63":{"start":{"line":149,"column":6},"end":{"line":149,"column":15}},"64":{"start":{"line":151,"column":6},"end":{"line":151,"column":68}},"65":{"start":{"line":155,"column":28},"end":{"line":162,"column":39}},"66":{"start":{"line":156,"column":4},"end":{"line":161,"column":6}},"67":{"start":{"line":159,"column":31},"end":{"line":159,"column":66}},"68":{"start":{"line":164,"column":29},"end":{"line":171,"column":40}},"69":{"start":{"line":165,"column":4},"end":{"line":170,"column":6}},"70":{"start":{"line":168,"column":31},"end":{"line":168,"column":67}},"71":{"start":{"line":173,"column":2},"end":{"line":300,"column":3}},"72":{"start":{"line":205,"column":35},"end":{"line":205,"column":78}},"73":{"start":{"line":216,"column":35},"end":{"line":216,"column":77}},"74":{"start":{"line":231,"column":41},"end":{"line":231,"column":90}},"75":{"start":{"line":241,"column":43},"end":{"line":241,"column":64}},"76":{"start":{"line":253,"column":39},"end":{"line":253,"column":45}},"77":{"start":{"line":267,"column":43},"end":{"line":267,"column":49}},"78":{"start":{"line":303,"column":15},"end":{"line":424,"column":2}}},"fnMap":{"0":{"name":"(anonymous_0)","decl":{"start":{"line":20,"column":31},"end":{"line":20,"column":32}},"loc":{"start":{"line":20,"column":78},"end":{"line":36,"column":1}},"line":20},"1":{"name":"(anonymous_1)","decl":{"start":{"line":21,"column":31},"end":{"line":21,"column":32}},"loc":{"start":{"line":21,"column":38},"end":{"line":24,"column":3}},"line":21},"2":{"name":"(anonymous_2)","decl":{"start":{"line":26,"column":28},"end":{"line":26,"column":29}},"loc":{"start":{"line":26,"column":35},"end":{"line":28,"column":3}},"line":26},"3":{"name":"(anonymous_3)","decl":{"start":{"line":31,"column":60},"end":{"line":31,"column":61}},"loc":{"start":{"line":31,"column":66},"end":{"line":31,"column":81}},"line":31},"4":{"name":"(anonymous_4)","decl":{"start":{"line":38,"column":32},"end":{"line":38,"column":33}},"loc":{"start":{"line":38,"column":79},"end":{"line":54,"column":1}},"line":38},"5":{"name":"(anonymous_5)","decl":{"start":{"line":39,"column":31},"end":{"line":39,"column":32}},"loc":{"start":{"line":39,"column":38},"end":{"line":42,"column":3}},"line":39},"6":{"name":"(anonymous_6)","decl":{"start":{"line":44,"column":28},"end":{"line":44,"column":29}},"loc":{"start":{"line":44,"column":35},"end":{"line":46,"column":3}},"line":44},"7":{"name":"(anonymous_7)","decl":{"start":{"line":49,"column":60},"end":{"line":49,"column":61}},"loc":{"start":{"line":49,"column":66},"end":{"line":49,"column":81}},"line":49},"8":{"name":"(anonymous_8)","decl":{"start":{"line":56,"column":71},"end":{"line":56,"column":72}},"loc":{"start":{"line":56,"column":108},"end":{"line":301,"column":1}},"line":56},"9":{"name":"(anonymous_9)","decl":{"start":{"line":62,"column":4},"end":{"line":62,"column":5}},"loc":{"start":{"line":62,"column":25},"end":{"line":62,"column":74}},"line":62},"10":{"name":"(anonymous_10)","decl":{"start":{"line":77,"column":12},"end":{"line":77,"column":13}},"loc":{"start":{"line":77,"column":18},"end":{"line":114,"column":3}},"line":77},"11":{"name":"(anonymous_11)","decl":{"start":{"line":78,"column":29},"end":{"line":78,"column":30}},"loc":{"start":{"line":78,"column":41},"end":{"line":111,"column":5}},"line":78},"12":{"name":"(anonymous_12)","decl":{"start":{"line":81,"column":39},"end":{"line":81,"column":40}},"loc":{"start":{"line":81,"column":44},"end":{"line":81,"column":54}},"line":81},"13":{"name":"(anonymous_13)","decl":{"start":{"line":93,"column":37},"end":{"line":93,"column":38}},"loc":{"start":{"line":93,"column":42},"end":{"line":93,"column":77}},"line":93},"14":{"name":"(anonymous_14)","decl":{"start":{"line":95,"column":87},"end":{"line":95,"column":88}},"loc":{"start":{"line":95,"column":92},"end":{"line":95,"column":122}},"line":95},"15":{"name":"(anonymous_15)","decl":{"start":{"line":116,"column":21},"end":{"line":116,"column":22}},"loc":{"start":{"line":116,"column":33},"end":{"line":153,"column":3}},"line":116},"16":{"name":"(anonymous_16)","decl":{"start":{"line":155,"column":40},"end":{"line":155,"column":41}},"loc":{"start":{"line":156,"column":4},"end":{"line":161,"column":6}},"line":156},"17":{"name":"(anonymous_17)","decl":{"start":{"line":159,"column":15},"end":{"line":159,"column":16}},"loc":{"start":{"line":159,"column":31},"end":{"line":159,"column":66}},"line":159},"18":{"name":"(anonymous_18)","decl":{"start":{"line":164,"column":41},"end":{"line":164,"column":42}},"loc":{"start":{"line":165,"column":4},"end":{"line":170,"column":6}},"line":165},"19":{"name":"(anonymous_19)","decl":{"start":{"line":168,"column":15},"end":{"line":168,"column":16}},"loc":{"start":{"line":168,"column":31},"end":{"line":168,"column":67}},"line":168},"20":{"name":"(anonymous_20)","decl":{"start":{"line":205,"column":29},"end":{"line":205,"column":30}},"loc":{"start":{"line":205,"column":35},"end":{"line":205,"column":78}},"line":205},"21":{"name":"(anonymous_21)","decl":{"start":{"line":216,"column":29},"end":{"line":216,"column":30}},"loc":{"start":{"line":216,"column":35},"end":{"line":216,"column":77}},"line":216},"22":{"name":"(anonymous_22)","decl":{"start":{"line":231,"column":32},"end":{"line":231,"column":33}},"loc":{"start":{"line":231,"column":41},"end":{"line":231,"column":90}},"line":231},"23":{"name":"(anonymous_23)","decl":{"start":{"line":241,"column":32},"end":{"line":241,"column":33}},"loc":{"start":{"line":241,"column":41},"end":{"line":241,"column":66}},"line":241},"24":{"name":"(anonymous_24)","decl":{"start":{"line":253,"column":32},"end":{"line":253,"column":33}},"loc":{"start":{"line":253,"column":39},"end":{"line":253,"column":45}},"line":253},"25":{"name":"(anonymous_25)","decl":{"start":{"line":267,"column":36},"end":{"line":267,"column":37}},"loc":{"start":{"line":267,"column":43},"end":{"line":267,"column":49}},"line":267}},"branchMap":{"0":{"loc":{"start":{"line":22,"column":21},"end":{"line":22,"column":70}},"type":"cond-expr","locations":[{"start":{"line":22,"column":34},"end":{"line":22,"column":54}},{"start":{"line":22,"column":57},"end":{"line":22,"column":70}}],"line":22},"1":{"loc":{"start":{"line":23,"column":17},"end":{"line":23,"column":73}},"type":"cond-expr","locations":[{"start":{"line":23,"column":30},"end":{"line":23,"column":50}},{"start":{"line":23,"column":53},"end":{"line":23,"column":73}}],"line":23},"2":{"loc":{"start":{"line":27,"column":11},"end":{"line":27,"column":49}},"type":"cond-expr","locations":[{"start":{"line":27,"column":24},"end":{"line":27,"column":30}},{"start":{"line":27,"column":33},"end":{"line":27,"column":49}}],"line":27},"3":{"loc":{"start":{"line":32,"column":31},"end":{"line":32,"column":69}},"type":"cond-expr","locations":[{"start":{"line":32,"column":44},"end":{"line":32,"column":50}},{"start":{"line":32,"column":53},"end":{"line":32,"column":69}}],"line":32},"4":{"loc":{"start":{"line":40,"column":21},"end":{"line":40,"column":59}},"type":"cond-expr","locations":[{"start":{"line":40,"column":34},"end":{"line":40,"column":43}},{"start":{"line":40,"column":46},"end":{"line":40,"column":59}}],"line":40},"5":{"loc":{"start":{"line":41,"column":17},"end":{"line":41,"column":62}},"type":"cond-expr","locations":[{"start":{"line":41,"column":30},"end":{"line":41,"column":39}},{"start":{"line":41,"column":42},"end":{"line":41,"column":62}}],"line":41},"6":{"loc":{"start":{"line":45,"column":11},"end":{"line":45,"column":49}},"type":"cond-expr","locations":[{"start":{"line":45,"column":24},"end":{"line":45,"column":30}},{"start":{"line":45,"column":33},"end":{"line":45,"column":49}}],"line":45},"7":{"loc":{"start":{"line":50,"column":28},"end":{"line":50,"column":59}},"type":"cond-expr","locations":[{"start":{"line":50,"column":41},"end":{"line":50,"column":47}},{"start":{"line":50,"column":50},"end":{"line":50,"column":59}}],"line":50},"8":{"loc":{"start":{"line":62,"column":37},"end":{"line":62,"column":71}},"type":"cond-expr","locations":[{"start":{"line":62,"column":63},"end":{"line":62,"column":67}},{"start":{"line":62,"column":70},"end":{"line":62,"column":71}}],"line":62},"9":{"loc":{"start":{"line":84,"column":8},"end":{"line":86,"column":9}},"type":"if","locations":[{"start":{"line":84,"column":8},"end":{"line":86,"column":9}},{"start":{},"end":{}}],"line":84},"10":{"loc":{"start":{"line":84,"column":12},"end":{"line":84,"column":58}},"type":"binary-expr","locations":[{"start":{"line":84,"column":12},"end":{"line":84,"column":33}},{"start":{"line":84,"column":37},"end":{"line":84,"column":58}}],"line":84},"11":{"loc":{"start":{"line":90,"column":8},"end":{"line":100,"column":9}},"type":"if","locations":[{"start":{"line":90,"column":8},"end":{"line":100,"column":9}},{"start":{},"end":{}}],"line":90},"12":{"loc":{"start":{"line":92,"column":29},"end":{"line":92,"column":112}},"type":"cond-expr","locations":[{"start":{"line":92,"column":70},"end":{"line":92,"column":90}},{"start":{"line":92,"column":93},"end":{"line":92,"column":112}}],"line":92},"13":{"loc":{"start":{"line":93,"column":42},"end":{"line":93,"column":77}},"type":"binary-expr","locations":[{"start":{"line":93,"column":42},"end":{"line":93,"column":63}},{"start":{"line":93,"column":67},"end":{"line":93,"column":77}}],"line":93},"14":{"loc":{"start":{"line":95,"column":10},"end":{"line":99,"column":11}},"type":"if","locations":[{"start":{"line":95,"column":10},"end":{"line":99,"column":11}},{"start":{"line":97,"column":17},"end":{"line":99,"column":11}}],"line":95},"15":{"loc":{"start":{"line":95,"column":14},"end":{"line":95,"column":124}},"type":"binary-expr","locations":[{"start":{"line":95,"column":14},"end":{"line":95,"column":37}},{"start":{"line":95,"column":42},"end":{"line":95,"column":64}},{"start":{"line":95,"column":68},"end":{"line":95,"column":123}}],"line":95},"16":{"loc":{"start":{"line":97,"column":17},"end":{"line":99,"column":11}},"type":"if","locations":[{"start":{"line":97,"column":17},"end":{"line":99,"column":11}},{"start":{},"end":{}}],"line":97},"17":{"loc":{"start":{"line":117,"column":4},"end":{"line":120,"column":5}},"type":"if","locations":[{"start":{"line":117,"column":4},"end":{"line":120,"column":5}},{"start":{},"end":{}}],"line":117},"18":{"loc":{"start":{"line":117,"column":8},"end":{"line":117,"column":81}},"type":"binary-expr","locations":[{"start":{"line":117,"column":8},"end":{"line":117,"column":28}},{"start":{"line":117,"column":32},"end":{"line":117,"column":81}}],"line":117},"19":{"loc":{"start":{"line":121,"column":4},"end":{"line":124,"column":5}},"type":"if","locations":[{"start":{"line":121,"column":4},"end":{"line":124,"column":5}},{"start":{},"end":{}}],"line":121},"20":{"loc":{"start":{"line":125,"column":4},"end":{"line":128,"column":5}},"type":"if","locations":[{"start":{"line":125,"column":4},"end":{"line":128,"column":5}},{"start":{},"end":{}}],"line":125},"21":{"loc":{"start":{"line":125,"column":8},"end":{"line":125,"column":76}},"type":"binary-expr","locations":[{"start":{"line":125,"column":8},"end":{"line":125,"column":47}},{"start":{"line":125,"column":51},"end":{"line":125,"column":76}}],"line":125},"22":{"loc":{"start":{"line":138,"column":19},"end":{"line":138,"column":108}},"type":"binary-expr","locations":[{"start":{"line":138,"column":19},"end":{"line":138,"column":41}},{"start":{"line":138,"column":46},"end":{"line":138,"column":107}}],"line":138},"23":{"loc":{"start":{"line":138,"column":46},"end":{"line":138,"column":107}},"type":"cond-expr","locations":[{"start":{"line":138,"column":87},"end":{"line":138,"column":96}},{"start":{"line":138,"column":99},"end":{"line":138,"column":107}}],"line":138},"24":{"loc":{"start":{"line":140,"column":18},"end":{"line":140,"column":96}},"type":"cond-expr","locations":[{"start":{"line":140,"column":60},"end":{"line":140,"column":84}},{"start":{"line":140,"column":87},"end":{"line":140,"column":96}}],"line":140},"25":{"loc":{"start":{"line":145,"column":4},"end":{"line":152,"column":5}},"type":"if","locations":[{"start":{"line":145,"column":4},"end":{"line":152,"column":5}},{"start":{"line":150,"column":11},"end":{"line":152,"column":5}}],"line":145},"26":{"loc":{"start":{"line":151,"column":24},"end":{"line":151,"column":65}},"type":"binary-expr","locations":[{"start":{"line":151,"column":24},"end":{"line":151,"column":33}},{"start":{"line":151,"column":37},"end":{"line":151,"column":65}}],"line":151},"27":{"loc":{"start":{"line":178,"column":22},"end":{"line":178,"column":66}},"type":"cond-expr","locations":[{"start":{"line":178,"column":46},"end":{"line":178,"column":55}},{"start":{"line":178,"column":58},"end":{"line":178,"column":66}}],"line":178},"28":{"loc":{"start":{"line":192,"column":17},"end":{"line":196,"column":24}},"type":"cond-expr","locations":[{"start":{"line":193,"column":18},"end":{"line":195,"column":25}},{"start":{"line":196,"column":20},"end":{"line":196,"column":24}}],"line":192},"29":{"loc":{"start":{"line":203,"column":22},"end":{"line":203,"column":141}},"type":"binary-expr","locations":[{"start":{"line":203,"column":22},"end":{"line":203,"column":60}},{"start":{"line":203,"column":64},"end":{"line":203,"column":141}}],"line":203},"30":{"loc":{"start":{"line":207,"column":51},"end":{"line":207,"column":120}},"type":"cond-expr","locations":[{"start":{"line":207,"column":92},"end":{"line":207,"column":101}},{"start":{"line":207,"column":104},"end":{"line":207,"column":120}}],"line":207},"31":{"loc":{"start":{"line":208,"column":63},"end":{"line":208,"column":132}},"type":"cond-expr","locations":[{"start":{"line":208,"column":104},"end":{"line":208,"column":113}},{"start":{"line":208,"column":116},"end":{"line":208,"column":132}}],"line":208},"32":{"loc":{"start":{"line":214,"column":22},"end":{"line":214,"column":140}},"type":"binary-expr","locations":[{"start":{"line":214,"column":22},"end":{"line":214,"column":59}},{"start":{"line":214,"column":63},"end":{"line":214,"column":140}}],"line":214},"33":{"loc":{"start":{"line":218,"column":49},"end":{"line":218,"column":117}},"type":"cond-expr","locations":[{"start":{"line":218,"column":89},"end":{"line":218,"column":98}},{"start":{"line":218,"column":101},"end":{"line":218,"column":117}}],"line":218},"34":{"loc":{"start":{"line":219,"column":63},"end":{"line":219,"column":131}},"type":"cond-expr","locations":[{"start":{"line":219,"column":103},"end":{"line":219,"column":112}},{"start":{"line":219,"column":115},"end":{"line":219,"column":131}}],"line":219},"35":{"loc":{"start":{"line":236,"column":23},"end":{"line":236,"column":60}},"type":"cond-expr","locations":[{"start":{"line":236,"column":33},"end":{"line":236,"column":44}},{"start":{"line":236,"column":47},"end":{"line":236,"column":60}}],"line":236},"36":{"loc":{"start":{"line":259,"column":17},"end":{"line":272,"column":17}},"type":"binary-expr","locations":[{"start":{"line":259,"column":17},"end":{"line":259,"column":56}},{"start":{"line":260,"column":18},"end":{"line":271,"column":21}}],"line":259},"37":{"loc":{"start":{"line":287,"column":94},"end":{"line":287,"column":117}},"type":"cond-expr","locations":[{"start":{"line":287,"column":110},"end":{"line":287,"column":113}},{"start":{"line":287,"column":116},"end":{"line":287,"column":117}}],"line":287},"38":{"loc":{"start":{"line":291,"column":54},"end":{"line":291,"column":99}},"type":"cond-expr","locations":[{"start":{"line":291,"column":70},"end":{"line":291,"column":81}},{"start":{"line":291,"column":84},"end":{"line":291,"column":99}}],"line":291},"39":{"loc":{"start":{"line":316,"column":19},"end":{"line":316,"column":50}},"type":"cond-expr","locations":[{"start":{"line":316,"column":43},"end":{"line":316,"column":45}},{"start":{"line":316,"column":48},"end":{"line":316,"column":50}}],"line":316}},"s":{"0":1,"1":6,"2":6,"3":6,"4":6,"5":6,"6":0,"7":1,"8":6,"9":6,"10":6,"11":6,"12":6,"13":0,"14":1,"15":8,"16":8,"17":8,"18":8,"19":8,"20":8,"21":8,"22":3,"23":3,"24":3,"25":3,"26":3,"27":3,"28":3,"29":2,"30":3,"31":3,"32":3,"33":3,"34":3,"35":3,"36":6,"37":3,"38":1,"39":3,"40":0,"41":0,"42":3,"43":0,"44":3,"45":8,"46":1,"47":0,"48":0,"49":1,"50":0,"51":0,"52":1,"53":0,"54":0,"55":1,"56":1,"57":1,"58":1,"59":1,"60":0,"61":0,"62":0,"63":0,"64":1,"65":8,"66":6,"67":0,"68":8,"69":6,"70":0,"71":8,"72":0,"73":1,"74":1,"75":0,"76":8,"77":8,"78":1},"f":{"0":6,"1":6,"2":6,"3":0,"4":6,"5":6,"6":6,"7":0,"8":8,"9":8,"10":3,"11":3,"12":3,"13":6,"14":1,"15":1,"16":6,"17":0,"18":6,"19":0,"20":0,"21":1,"22":1,"23":0,"24":8,"25":8},"b":{"0":[6,0],"1":[6,0],"2":[6,0],"3":[6,0],"4":[6,0],"5":[6,0],"6":[6,0],"7":[6,0],"8":[0,8],"9":[2,1],"10":[3,3],"11":[3,0],"12":[2,1],"13":[6,3],"14":[3,0],"15":[3,3,1],"16":[0,0],"17":[0,1],"18":[1,1],"19":[0,1],"20":[0,1],"21":[1,1],"22":[1,1],"23":[0,1],"24":[1,0],"25":[0,1],"26":[1,1],"27":[8,0],"28":[1,7],"29":[8,4],"30":[4,4],"31":[4,4],"32":[8,4],"33":[4,4],"34":[4,4],"35":[8,0],"36":[8,8],"37":[0,8],"38":[0,8],"39":[1,0]},"_coverageSchema":"1a1c01bbd47fc00a2c39e90264f33305004495a9","hash":"9504966893ad3d1b1318d998d7e095bcb1ffe0c6"}
,"/Users/mac/Github code shit/cash-flow-wave/src/components/CategoryManagerModal.tsx": {"path":"/Users/mac/Github code shit/cash-flow-wave/src/components/CategoryManagerModal.tsx","statementMap":{"0":{"start":{"line":15,"column":26},"end":{"line":15,"column":114}},"1":{"start":{"line":17,"column":73},"end":{"line":212,"column":1}},"2":{"start":{"line":18,"column":17},"end":{"line":18,"column":33}},"3":{"start":{"line":19,"column":16},"end":{"line":19,"column":32}},"4":{"start":{"line":21,"column":38},"end":{"line":21,"column":62}},"5":{"start":{"line":24,"column":24},"end":{"line":24,"column":34}},"6":{"start":{"line":25,"column":38},"end":{"line":25,"column":82}},"7":{"start":{"line":26,"column":40},"end":{"line":26,"column":70}},"8":{"start":{"line":27,"column":32},"end":{"line":27,"column":47}},"9":{"start":{"line":28,"column":34},"end":{"line":28,"column":45}},"10":{"start":{"line":31,"column":25},"end":{"line":38,"column":3}},"11":{"start":{"line":32,"column":4},"end":{"line":37,"column":5}},"12":{"start":{"line":33,"column":19},"end":{"line":33,"column":65}},"13":{"start":{"line":34,"column":6},"end":{"line":34,"column":25}},"14":{"start":{"line":36,"column":6},"end":{"line":36,"column":24}},"15":{"start":{"line":40,"column":28},"end":{"line":57,"column":3}},"16":{"start":{"line":41,"column":4},"end":{"line":44,"column":5}},"17":{"start":{"line":42,"column":6},"end":{"line":42,"column":58}},"18":{"start":{"line":43,"column":6},"end":{"line":43,"column":12}},"19":{"start":{"line":46,"column":4},"end":{"line":46,"column":20}},"20":{"start":{"line":47,"column":4},"end":{"line":56,"column":5}},"21":{"start":{"line":48,"column":6},"end":{"line":48,"column":107}},"22":{"start":{"line":49,"column":6},"end":{"line":49,"column":32}},"23":{"start":{"line":50,"column":6},"end":{"line":50,"column":29}},"24":{"start":{"line":50,"column":23},"end":{"line":50,"column":28}},"25":{"start":{"line":51,"column":6},"end":{"line":51,"column":28}},"26":{"start":{"line":53,"column":6},"end":{"line":53,"column":68}},"27":{"start":{"line":55,"column":6},"end":{"line":55,"column":23}},"28":{"start":{"line":59,"column":31},"end":{"line":79,"column":3}},"29":{"start":{"line":60,"column":4},"end":{"line":78,"column":5}},"30":{"start":{"line":69,"column":12},"end":{"line":74,"column":13}},"31":{"start":{"line":70,"column":14},"end":{"line":70,"column":61}},"32":{"start":{"line":71,"column":14},"end":{"line":71,"column":36}},"33":{"start":{"line":73,"column":14},"end":{"line":73,"column":79}},"34":{"start":{"line":81,"column":19},"end":{"line":81,"column":74}},"35":{"start":{"line":81,"column":42},"end":{"line":81,"column":73}},"36":{"start":{"line":82,"column":18},"end":{"line":82,"column":72}},"37":{"start":{"line":82,"column":41},"end":{"line":82,"column":71}},"38":{"start":{"line":84,"column":2},"end":{"line":211,"column":3}},"39":{"start":{"line":114,"column":35},"end":{"line":114,"column":70}},"40":{"start":{"line":128,"column":35},"end":{"line":128,"column":69}},"41":{"start":{"line":141,"column":43},"end":{"line":141,"column":70}},"42":{"start":{"line":148,"column":20},"end":{"line":156,"column":22}},"43":{"start":{"line":155,"column":37},"end":{"line":155,"column":58}},"44":{"start":{"line":174,"column":20},"end":{"line":184,"column":27}},"45":{"start":{"line":181,"column":48},"end":{"line":181,"column":73}},"46":{"start":{"line":191,"column":20},"end":{"line":201,"column":27}},"47":{"start":{"line":198,"column":48},"end":{"line":198,"column":73}},"48":{"start":{"line":214,"column":15},"end":{"line":335,"column":2}}},"fnMap":{"0":{"name":"(anonymous_0)","decl":{"start":{"line":17,"column":73},"end":{"line":17,"column":74}},"loc":{"start":{"line":17,"column":99},"end":{"line":212,"column":1}},"line":17},"1":{"name":"(anonymous_1)","decl":{"start":{"line":31,"column":25},"end":{"line":31,"column":26}},"loc":{"start":{"line":31,"column":37},"end":{"line":38,"column":3}},"line":31},"2":{"name":"(anonymous_2)","decl":{"start":{"line":40,"column":28},"end":{"line":40,"column":29}},"loc":{"start":{"line":40,"column":40},"end":{"line":57,"column":3}},"line":40},"3":{"name":"(anonymous_3)","decl":{"start":{"line":50,"column":18},"end":{"line":50,"column":19}},"loc":{"start":{"line":50,"column":23},"end":{"line":50,"column":28}},"line":50},"4":{"name":"(anonymous_4)","decl":{"start":{"line":59,"column":31},"end":{"line":59,"column":32}},"loc":{"start":{"line":59,"column":50},"end":{"line":79,"column":3}},"line":59},"5":{"name":"(anonymous_5)","decl":{"start":{"line":68,"column":19},"end":{"line":68,"column":20}},"loc":{"start":{"line":68,"column":31},"end":{"line":75,"column":11}},"line":68},"6":{"name":"(anonymous_6)","decl":{"start":{"line":81,"column":37},"end":{"line":81,"column":38}},"loc":{"start":{"line":81,"column":42},"end":{"line":81,"column":73}},"line":81},"7":{"name":"(anonymous_7)","decl":{"start":{"line":82,"column":36},"end":{"line":82,"column":37}},"loc":{"start":{"line":82,"column":41},"end":{"line":82,"column":71}},"line":82},"8":{"name":"(anonymous_8)","decl":{"start":{"line":114,"column":29},"end":{"line":114,"column":30}},"loc":{"start":{"line":114,"column":35},"end":{"line":114,"column":70}},"line":114},"9":{"name":"(anonymous_9)","decl":{"start":{"line":128,"column":29},"end":{"line":128,"column":30}},"loc":{"start":{"line":128,"column":35},"end":{"line":128,"column":69}},"line":128},"10":{"name":"(anonymous_10)","decl":{"start":{"line":141,"column":32},"end":{"line":141,"column":33}},"loc":{"start":{"line":141,"column":41},"end":{"line":141,"column":72}},"line":141},"11":{"name":"(anonymous_11)","decl":{"start":{"line":147,"column":41},"end":{"line":147,"column":42}},"loc":{"start":{"line":148,"column":20},"end":{"line":156,"column":22}},"line":148},"12":{"name":"(anonymous_12)","decl":{"start":{"line":155,"column":31},"end":{"line":155,"column":32}},"loc":{"start":{"line":155,"column":37},"end":{"line":155,"column":58}},"line":155},"13":{"name":"(anonymous_13)","decl":{"start":{"line":173,"column":32},"end":{"line":173,"column":33}},"loc":{"start":{"line":174,"column":20},"end":{"line":184,"column":27}},"line":174},"14":{"name":"(anonymous_14)","decl":{"start":{"line":181,"column":42},"end":{"line":181,"column":43}},"loc":{"start":{"line":181,"column":48},"end":{"line":181,"column":73}},"line":181},"15":{"name":"(anonymous_15)","decl":{"start":{"line":190,"column":31},"end":{"line":190,"column":32}},"loc":{"start":{"line":191,"column":20},"end":{"line":201,"column":27}},"line":191},"16":{"name":"(anonymous_16)","decl":{"start":{"line":198,"column":42},"end":{"line":198,"column":43}},"loc":{"start":{"line":198,"column":48},"end":{"line":198,"column":73}},"line":198}},"branchMap":{"0":{"loc":{"start":{"line":41,"column":4},"end":{"line":44,"column":5}},"type":"if","locations":[{"start":{"line":41,"column":4},"end":{"line":44,"column":5}},{"start":{},"end":{}}],"line":41},"1":{"loc":{"start":{"line":53,"column":27},"end":{"line":53,"column":67}},"type":"binary-expr","locations":[{"start":{"line":53,"column":27},"end":{"line":53,"column":39}},{"start":{"line":53,"column":43},"end":{"line":53,"column":67}}],"line":53},"2":{"loc":{"start":{"line":73,"column":35},"end":{"line":73,"column":78}},"type":"binary-expr","locations":[{"start":{"line":73,"column":35},"end":{"line":73,"column":47}},{"start":{"line":73,"column":51},"end":{"line":73,"column":78}}],"line":73},"3":{"loc":{"start":{"line":89,"column":22},"end":{"line":89,"column":66}},"type":"cond-expr","locations":[{"start":{"line":89,"column":46},"end":{"line":89,"column":55}},{"start":{"line":89,"column":58},"end":{"line":89,"column":66}}],"line":89},"4":{"loc":{"start":{"line":110,"column":41},"end":{"line":110,"column":119}},"type":"cond-expr","locations":[{"start":{"line":110,"column":79},"end":{"line":110,"column":103}},{"start":{"line":110,"column":106},"end":{"line":110,"column":119}}],"line":110},"5":{"loc":{"start":{"line":111,"column":37},"end":{"line":111,"column":107}},"type":"cond-expr","locations":[{"start":{"line":111,"column":75},"end":{"line":111,"column":84}},{"start":{"line":111,"column":87},"end":{"line":111,"column":107}}],"line":111},"6":{"loc":{"start":{"line":116,"column":51},"end":{"line":116,"column":117}},"type":"cond-expr","locations":[{"start":{"line":116,"column":89},"end":{"line":116,"column":98}},{"start":{"line":116,"column":101},"end":{"line":116,"column":117}}],"line":116},"7":{"loc":{"start":{"line":117,"column":63},"end":{"line":117,"column":129}},"type":"cond-expr","locations":[{"start":{"line":117,"column":101},"end":{"line":117,"column":110}},{"start":{"line":117,"column":113},"end":{"line":117,"column":129}}],"line":117},"8":{"loc":{"start":{"line":124,"column":41},"end":{"line":124,"column":119}},"type":"cond-expr","locations":[{"start":{"line":124,"column":78},"end":{"line":124,"column":103}},{"start":{"line":124,"column":106},"end":{"line":124,"column":119}}],"line":124},"9":{"loc":{"start":{"line":125,"column":37},"end":{"line":125,"column":106}},"type":"cond-expr","locations":[{"start":{"line":125,"column":74},"end":{"line":125,"column":83}},{"start":{"line":125,"column":86},"end":{"line":125,"column":106}}],"line":125},"10":{"loc":{"start":{"line":130,"column":49},"end":{"line":130,"column":114}},"type":"cond-expr","locations":[{"start":{"line":130,"column":86},"end":{"line":130,"column":95}},{"start":{"line":130,"column":98},"end":{"line":130,"column":114}}],"line":130},"11":{"loc":{"start":{"line":131,"column":63},"end":{"line":131,"column":128}},"type":"cond-expr","locations":[{"start":{"line":131,"column":100},"end":{"line":131,"column":109}},{"start":{"line":131,"column":112},"end":{"line":131,"column":128}}],"line":131},"12":{"loc":{"start":{"line":136,"column":36},"end":{"line":136,"column":63}},"type":"cond-expr","locations":[{"start":{"line":136,"column":46},"end":{"line":136,"column":52}},{"start":{"line":136,"column":55},"end":{"line":136,"column":63}}],"line":136},"13":{"loc":{"start":{"line":153,"column":24},"end":{"line":153,"column":100}},"type":"binary-expr","locations":[{"start":{"line":153,"column":24},"end":{"line":153,"column":45}},{"start":{"line":153,"column":49},"end":{"line":153,"column":100}}],"line":153},"14":{"loc":{"start":{"line":161,"column":92},"end":{"line":161,"column":109}},"type":"cond-expr","locations":[{"start":{"line":161,"column":102},"end":{"line":161,"column":105}},{"start":{"line":161,"column":108},"end":{"line":161,"column":109}}],"line":161},"15":{"loc":{"start":{"line":165,"column":52},"end":{"line":165,"column":90}},"type":"cond-expr","locations":[{"start":{"line":165,"column":62},"end":{"line":165,"column":73}},{"start":{"line":165,"column":76},"end":{"line":165,"column":90}}],"line":165},"16":{"loc":{"start":{"line":227,"column":19},"end":{"line":227,"column":50}},"type":"cond-expr","locations":[{"start":{"line":227,"column":43},"end":{"line":227,"column":45}},{"start":{"line":227,"column":48},"end":{"line":227,"column":50}}],"line":227}},"s":{"0":1,"1":1,"2":5,"3":5,"4":5,"5":5,"6":5,"7":5,"8":5,"9":5,"10":5,"11":3,"12":3,"13":3,"14":0,"15":5,"16":1,"17":0,"18":0,"19":1,"20":1,"21":1,"22":1,"23":1,"24":1,"25":1,"26":0,"27":1,"28":5,"29":0,"30":0,"31":0,"32":0,"33":0,"34":5,"35":3,"36":5,"37":3,"38":5,"39":0,"40":0,"41":1,"42":40,"43":0,"44":3,"45":0,"46":0,"47":0,"48":1},"f":{"0":5,"1":3,"2":1,"3":1,"4":0,"5":0,"6":3,"7":3,"8":0,"9":0,"10":1,"11":40,"12":0,"13":3,"14":0,"15":0,"16":0},"b":{"0":[0,1],"1":[0,0],"2":[0,0],"3":[5,0],"4":[5,0],"5":[5,0],"6":[5,0],"7":[5,0],"8":[0,5],"9":[0,5],"10":[0,5],"11":[0,5],"12":[5,0],"13":[40,5],"14":[0,5],"15":[0,5],"16":[1,0]},"_coverageSchema":"1a1c01bbd47fc00a2c39e90264f33305004495a9","hash":"ba3108481148aec4a4e880fb7a63bc37d1d0d596"}
,"/Users/mac/Github code shit/cash-flow-wave/src/components/NetWorthCard.tsx": {"path":"/Users/mac/Github code shit/cash-flow-wave/src/components/NetWorthCard.tsx","statementMap":{"0":{"start":{"line":17,"column":57},"end":{"line":86,"column":1}},"1":{"start":{"line":21,"column":17},"end":{"line":21,"column":33}},"2":{"start":{"line":22,"column":61},"end":{"line":22,"column":74}},"3":{"start":{"line":23,"column":16},"end":{"line":23,"column":32}},"4":{"start":{"line":24,"column":33},"end":{"line":24,"column":54}},"5":{"start":{"line":26,"column":19},"end":{"line":26,"column":49}},"6":{"start":{"line":27,"column":28},"end":{"line":27,"column":100}},"7":{"start":{"line":28,"column":26},"end":{"line":28,"column":101}},"8":{"start":{"line":29,"column":31},"end":{"line":29,"column":111}},"9":{"start":{"line":31,"column":2},"end":{"line":85,"column":3}},"10":{"start":{"line":88,"column":15},"end":{"line":174,"column":2}}},"fnMap":{"0":{"name":"(anonymous_0)","decl":{"start":{"line":17,"column":57},"end":{"line":17,"column":58}},"loc":{"start":{"line":20,"column":6},"end":{"line":86,"column":1}},"line":20}},"branchMap":{},"s":{"0":1,"1":1,"2":1,"3":1,"4":1,"5":1,"6":1,"7":1,"8":1,"9":1,"10":1},"f":{"0":1},"b":{},"_coverageSchema":"1a1c01bbd47fc00a2c39e90264f33305004495a9","hash":"1af603903f8915a9a8c91611a520202a31c4c7ff"}
,"/Users/mac/Github code shit/cash-flow-wave/src/components/TransactionDetailsModal.tsx": {"path":"/Users/mac/Github code shit/cash-flow-wave/src/components/TransactionDetailsModal.tsx","statementMap":{"0":{"start":{"line":28,"column":79},"end":{"line":165,"column":1}},"1":{"start":{"line":33,"column":17},"end":{"line":33,"column":33}},"2":{"start":{"line":34,"column":16},"end":{"line":34,"column":32}},"3":{"start":{"line":35,"column":61},"end":{"line":35,"column":74}},"4":{"start":{"line":37,"column":32},"end":{"line":37,"column":62}},"5":{"start":{"line":38,"column":34},"end":{"line":38,"column":65}},"6":{"start":{"line":42,"column":22},"end":{"line":61,"column":3}},"7":{"start":{"line":43,"column":4},"end":{"line":43,"column":28}},"8":{"start":{"line":43,"column":22},"end":{"line":43,"column":28}},"9":{"start":{"line":44,"column":4},"end":{"line":49,"column":5}},"10":{"start":{"line":45,"column":18},"end":{"line":45,"column":85}},"11":{"start":{"line":46,"column":6},"end":{"line":46,"column":21}},"12":{"start":{"line":48,"column":6},"end":{"line":48,"column":39}},"13":{"start":{"line":51,"column":4},"end":{"line":60,"column":5}},"14":{"start":{"line":52,"column":6},"end":{"line":57,"column":7}},"15":{"start":{"line":53,"column":20},"end":{"line":53,"column":91}},"16":{"start":{"line":54,"column":8},"end":{"line":54,"column":24}},"17":{"start":{"line":56,"column":8},"end":{"line":56,"column":42}},"18":{"start":{"line":59,"column":6},"end":{"line":59,"column":23}},"19":{"start":{"line":63,"column":2},"end":{"line":63,"column":31}},"20":{"start":{"line":63,"column":20},"end":{"line":63,"column":31}},"21":{"start":{"line":65,"column":19},"end":{"line":65,"column":62}},"22":{"start":{"line":66,"column":23},"end":{"line":66,"column":105}},"23":{"start":{"line":68,"column":2},"end":{"line":164,"column":3}},"24":{"start":{"line":167,"column":15},"end":{"line":267,"column":2}}},"fnMap":{"0":{"name":"(anonymous_0)","decl":{"start":{"line":28,"column":79},"end":{"line":28,"column":80}},"loc":{"start":{"line":32,"column":6},"end":{"line":165,"column":1}},"line":32},"1":{"name":"(anonymous_1)","decl":{"start":{"line":42,"column":22},"end":{"line":42,"column":23}},"loc":{"start":{"line":42,"column":34},"end":{"line":61,"column":3}},"line":42}},"branchMap":{"0":{"loc":{"start":{"line":43,"column":4},"end":{"line":43,"column":28}},"type":"if","locations":[{"start":{"line":43,"column":4},"end":{"line":43,"column":28}},{"start":{},"end":{}}],"line":43},"1":{"loc":{"start":{"line":51,"column":4},"end":{"line":60,"column":5}},"type":"if","locations":[{"start":{"line":51,"column":4},"end":{"line":60,"column":5}},{"start":{"line":58,"column":11},"end":{"line":60,"column":5}}],"line":51},"2":{"loc":{"start":{"line":63,"column":2},"end":{"line":63,"column":31}},"type":"if","locations":[{"start":{"line":63,"column":2},"end":{"line":63,"column":31}},{"start":{},"end":{}}],"line":63},"3":{"loc":{"start":{"line":91,"column":62},"end":{"line":91,"column":125}},"type":"cond-expr","locations":[{"start":{"line":91,"column":73},"end":{"line":91,"column":98}},{"start":{"line":91,"column":101},"end":{"line":91,"column":125}}],"line":91},"4":{"loc":{"start":{"line":92,"column":17},"end":{"line":96,"column":17}},"type":"cond-expr","locations":[{"start":{"line":93,"column":18},"end":{"line":93,"column":61}},{"start":{"line":95,"column":18},"end":{"line":95,"column":60}}],"line":92},"5":{"loc":{"start":{"line":97,"column":60},"end":{"line":97,"column":92}},"type":"cond-expr","locations":[{"start":{"line":97,"column":71},"end":{"line":97,"column":80}},{"start":{"line":97,"column":83},"end":{"line":97,"column":92}}],"line":97},"6":{"loc":{"start":{"line":98,"column":19},"end":{"line":98,"column":39}},"type":"cond-expr","locations":[{"start":{"line":98,"column":30},"end":{"line":98,"column":33}},{"start":{"line":98,"column":36},"end":{"line":98,"column":39}}],"line":98},"7":{"loc":{"start":{"line":100,"column":58},"end":{"line":100,"column":90}},"type":"cond-expr","locations":[{"start":{"line":100,"column":69},"end":{"line":100,"column":78}},{"start":{"line":100,"column":81},"end":{"line":100,"column":90}}],"line":100},"8":{"loc":{"start":{"line":101,"column":19},"end":{"line":101,"column":62}},"type":"cond-expr","locations":[{"start":{"line":101,"column":30},"end":{"line":101,"column":44}},{"start":{"line":101,"column":47},"end":{"line":101,"column":62}}],"line":101},"9":{"loc":{"start":{"line":111,"column":21},"end":{"line":111,"column":70}},"type":"binary-expr","locations":[{"start":{"line":111,"column":21},"end":{"line":111,"column":44}},{"start":{"line":111,"column":48},"end":{"line":111,"column":70}}],"line":111},"10":{"loc":{"start":{"line":132,"column":21},"end":{"line":132,"column":43}},"type":"binary-expr","locations":[{"start":{"line":132,"column":21},"end":{"line":132,"column":34}},{"start":{"line":132,"column":38},"end":{"line":132,"column":43}}],"line":132},"11":{"loc":{"start":{"line":136,"column":17},"end":{"line":149,"column":17}},"type":"binary-expr","locations":[{"start":{"line":136,"column":17},"end":{"line":136,"column":25}},{"start":{"line":137,"column":18},"end":{"line":148,"column":21}}],"line":136}},"s":{"0":1,"1":4,"2":4,"3":4,"4":4,"5":4,"6":4,"7":1,"8":0,"9":1,"10":1,"11":1,"12":0,"13":1,"14":1,"15":1,"16":1,"17":0,"18":0,"19":4,"20":2,"21":2,"22":2,"23":2,"24":1},"f":{"0":4,"1":1},"b":{"0":[0,1],"1":[1,0],"2":[2,2],"3":[0,2],"4":[0,2],"5":[0,2],"6":[0,2],"7":[0,2],"8":[0,2],"9":[2,0],"10":[2,1],"11":[2,1]},"_coverageSchema":"1a1c01bbd47fc00a2c39e90264f33305004495a9","hash":"e9a0c383e27c9d1b581b6f612c88482b5cf76b9e"}
,"/Users/mac/Github code shit/cash-flow-wave/src/components/TransactionHistoryModal.tsx": {"path":"/Users/mac/Github code shit/cash-flow-wave/src/components/TransactionHistoryModal.tsx","statementMap":{"0":{"start":{"line":26,"column":79},"end":{"line":141,"column":1}},"1":{"start":{"line":30,"column":17},"end":{"line":30,"column":33}},"2":{"start":{"line":31,"column":16},"end":{"line":31,"column":32}},"3":{"start":{"line":32,"column":61},"end":{"line":32,"column":74}},"4":{"start":{"line":34,"column":42},"end":{"line":34,"column":69}},"5":{"start":{"line":35,"column":32},"end":{"line":35,"column":46}},"6":{"start":{"line":36,"column":38},"end":{"line":36,"column":72}},"7":{"start":{"line":39,"column":27},"end":{"line":46,"column":3}},"8":{"start":{"line":40,"column":4},"end":{"line":40,"column":20}},"9":{"start":{"line":41,"column":16},"end":{"line":41,"column":61}},"10":{"start":{"line":42,"column":4},"end":{"line":44,"column":5}},"11":{"start":{"line":43,"column":6},"end":{"line":43,"column":31}},"12":{"start":{"line":45,"column":4},"end":{"line":45,"column":21}},"13":{"start":{"line":48,"column":21},"end":{"line":92,"column":3}},"14":{"start":{"line":49,"column":21},"end":{"line":49,"column":55}},"15":{"start":{"line":50,"column":25},"end":{"line":50,"column":98}},"16":{"start":{"line":52,"column":4},"end":{"line":91,"column":5}},"17":{"start":{"line":58,"column":23},"end":{"line":58,"column":40}},"18":{"start":{"line":94,"column":2},"end":{"line":140,"column":3}},"19":{"start":{"line":124,"column":38},"end":{"line":124,"column":45}},"20":{"start":{"line":137,"column":23},"end":{"line":137,"column":42}},"21":{"start":{"line":143,"column":15},"end":{"line":223,"column":2}}},"fnMap":{"0":{"name":"(anonymous_0)","decl":{"start":{"line":26,"column":79},"end":{"line":26,"column":80}},"loc":{"start":{"line":29,"column":6},"end":{"line":141,"column":1}},"line":29},"1":{"name":"(anonymous_1)","decl":{"start":{"line":39,"column":27},"end":{"line":39,"column":28}},"loc":{"start":{"line":39,"column":39},"end":{"line":46,"column":3}},"line":39},"2":{"name":"(anonymous_2)","decl":{"start":{"line":48,"column":21},"end":{"line":48,"column":22}},"loc":{"start":{"line":48,"column":62},"end":{"line":92,"column":3}},"line":48},"3":{"name":"(anonymous_3)","decl":{"start":{"line":58,"column":17},"end":{"line":58,"column":18}},"loc":{"start":{"line":58,"column":23},"end":{"line":58,"column":40}},"line":58},"4":{"name":"(anonymous_4)","decl":{"start":{"line":124,"column":28},"end":{"line":124,"column":29}},"loc":{"start":{"line":124,"column":38},"end":{"line":124,"column":45}},"line":124},"5":{"name":"(anonymous_5)","decl":{"start":{"line":137,"column":17},"end":{"line":137,"column":18}},"loc":{"start":{"line":137,"column":23},"end":{"line":137,"column":42}},"line":137}},"branchMap":{"0":{"loc":{"start":{"line":42,"column":4},"end":{"line":44,"column":5}},"type":"if","locations":[{"start":{"line":42,"column":4},"end":{"line":44,"column":5}},{"start":{},"end":{}}],"line":42},"1":{"loc":{"start":{"line":42,"column":8},"end":{"line":42,"column":31}},"type":"binary-expr","locations":[{"start":{"line":42,"column":8},"end":{"line":42,"column":19}},{"start":{"line":42,"column":23},"end":{"line":42,"column":31}}],"line":42},"2":{"loc":{"start":{"line":64,"column":33},"end":{"line":64,"column":96}},"type":"cond-expr","locations":[{"start":{"line":64,"column":44},"end":{"line":64,"column":69}},{"start":{"line":64,"column":72},"end":{"line":64,"column":96}}],"line":64},"3":{"loc":{"start":{"line":67,"column":13},"end":{"line":71,"column":13}},"type":"cond-expr","locations":[{"start":{"line":68,"column":14},"end":{"line":68,"column":57}},{"start":{"line":70,"column":14},"end":{"line":70,"column":56}}],"line":67},"4":{"loc":{"start":{"line":75,"column":15},"end":{"line":75,"column":55}},"type":"binary-expr","locations":[{"start":{"line":75,"column":15},"end":{"line":75,"column":29}},{"start":{"line":75,"column":33},"end":{"line":75,"column":55}}],"line":75},"5":{"loc":{"start":{"line":85,"column":21},"end":{"line":85,"column":53}},"type":"cond-expr","locations":[{"start":{"line":85,"column":32},"end":{"line":85,"column":41}},{"start":{"line":85,"column":44},"end":{"line":85,"column":53}}],"line":85},"6":{"loc":{"start":{"line":88,"column":11},"end":{"line":88,"column":31}},"type":"cond-expr","locations":[{"start":{"line":88,"column":22},"end":{"line":88,"column":25}},{"start":{"line":88,"column":28},"end":{"line":88,"column":31}}],"line":88},"7":{"loc":{"start":{"line":115,"column":11},"end":{"line":130,"column":11}},"type":"cond-expr","locations":[{"start":{"line":116,"column":12},"end":{"line":120,"column":19}},{"start":{"line":122,"column":12},"end":{"line":129,"column":14}}],"line":115},"8":{"loc":{"start":{"line":115,"column":11},"end":{"line":115,"column":48}},"type":"binary-expr","locations":[{"start":{"line":115,"column":11},"end":{"line":115,"column":36}},{"start":{"line":115,"column":40},"end":{"line":115,"column":48}}],"line":115}},"s":{"0":1,"1":2,"2":2,"3":2,"4":2,"5":2,"6":2,"7":2,"8":1,"9":1,"10":1,"11":1,"12":1,"13":2,"14":1,"15":1,"16":1,"17":0,"18":2,"19":0,"20":0,"21":1},"f":{"0":2,"1":1,"2":1,"3":0,"4":0,"5":0},"b":{"0":[1,0],"1":[1,1],"2":[0,1],"3":[0,1],"4":[1,0],"5":[0,1],"6":[0,1],"7":[0,2],"8":[2,1]},"_coverageSchema":"1a1c01bbd47fc00a2c39e90264f33305004495a9","hash":"c5d80bf121da2a9c57aaf8da3f6f08790420c64d"}
,"/Users/mac/Github code shit/cash-flow-wave/src/patterns/MonthlyBudgetStrategy.ts": {"path":"/Users/mac/Github code shit/cash-flow-wave/src/patterns/MonthlyBudgetStrategy.ts","statementMap":{"0":{"start":{"line":6,"column":16},"end":{"line":6,"column":39}},"1":{"start":{"line":7,"column":17},"end":{"line":7,"column":34}},"2":{"start":{"line":8,"column":18},"end":{"line":8,"column":32}},"3":{"start":{"line":11,"column":29},"end":{"line":13,"column":5}},"4":{"start":{"line":12,"column":6},"end":{"line":12,"column":44}},"5":{"start":{"line":16,"column":28},"end":{"line":16,"column":57}},"6":{"start":{"line":17,"column":35},"end":{"line":17,"column":71}},"7":{"start":{"line":18,"column":34},"end":{"line":18,"column":91}},"8":{"start":{"line":23,"column":4},"end":{"line":44,"column":5}},"9":{"start":{"line":25,"column":6},"end":{"line":25,"column":39}},"10":{"start":{"line":28,"column":28},"end":{"line":28,"column":58}},"11":{"start":{"line":29,"column":24},"end":{"line":29,"column":52}},"12":{"start":{"line":30,"column":27},"end":{"line":30,"column":69}},"13":{"start":{"line":31,"column":34},"end":{"line":31,"column":67}},"14":{"start":{"line":32,"column":33},"end":{"line":32,"column":100}},"15":{"start":{"line":34,"column":6},"end":{"line":34,"column":58}},"16":{"start":{"line":37,"column":28},"end":{"line":37,"column":57}},"17":{"start":{"line":38,"column":24},"end":{"line":38,"column":52}},"18":{"start":{"line":39,"column":27},"end":{"line":39,"column":69}},"19":{"start":{"line":40,"column":34},"end":{"line":40,"column":67}},"20":{"start":{"line":42,"column":6},"end":{"line":42,"column":85}},"21":{"start":{"line":43,"column":6},"end":{"line":43,"column":61}},"22":{"start":{"line":46,"column":4},"end":{"line":46,"column":33}}},"fnMap":{"0":{"name":"(anonymous_0)","decl":{"start":{"line":5,"column":2},"end":{"line":5,"column":3}},"loc":{"start":{"line":5,"column":93},"end":{"line":47,"column":3}},"line":5},"1":{"name":"(anonymous_1)","decl":{"start":{"line":11,"column":29},"end":{"line":11,"column":30}},"loc":{"start":{"line":11,"column":63},"end":{"line":13,"column":5}},"line":11}},"branchMap":{"0":{"loc":{"start":{"line":5,"column":36},"end":{"line":5,"column":78}},"type":"default-arg","locations":[{"start":{"line":5,"column":58},"end":{"line":5,"column":78}}],"line":5},"1":{"loc":{"start":{"line":23,"column":4},"end":{"line":44,"column":5}},"type":"if","locations":[{"start":{"line":23,"column":4},"end":{"line":44,"column":5}},{"start":{"line":35,"column":11},"end":{"line":44,"column":5}}],"line":23},"2":{"loc":{"start":{"line":28,"column":28},"end":{"line":28,"column":58}},"type":"cond-expr","locations":[{"start":{"line":28,"column":43},"end":{"line":28,"column":51}},{"start":{"line":28,"column":54},"end":{"line":28,"column":58}}],"line":28},"3":{"loc":{"start":{"line":29,"column":24},"end":{"line":29,"column":52}},"type":"cond-expr","locations":[{"start":{"line":29,"column":39},"end":{"line":29,"column":40}},{"start":{"line":29,"column":43},"end":{"line":29,"column":52}}],"line":29},"4":{"loc":{"start":{"line":37,"column":28},"end":{"line":37,"column":57}},"type":"cond-expr","locations":[{"start":{"line":37,"column":42},"end":{"line":37,"column":50}},{"start":{"line":37,"column":53},"end":{"line":37,"column":57}}],"line":37},"5":{"loc":{"start":{"line":38,"column":24},"end":{"line":38,"column":52}},"type":"cond-expr","locations":[{"start":{"line":38,"column":38},"end":{"line":38,"column":40}},{"start":{"line":38,"column":43},"end":{"line":38,"column":52}}],"line":38}},"s":{"0":4,"1":4,"2":4,"3":4,"4":8,"5":4,"6":4,"7":4,"8":4,"9":1,"10":1,"11":1,"12":1,"13":1,"14":1,"15":1,"16":3,"17":3,"18":3,"19":3,"20":3,"21":3,"22":4},"f":{"0":4,"1":8},"b":{"0":[0],"1":[1,3],"2":[0,1],"3":[0,1],"4":[0,3],"5":[0,3]},"_coverageSchema":"1a1c01bbd47fc00a2c39e90264f33305004495a9","hash":"13acfdb3c6fde888f94e5eb1569de3eb9c09bc7d"}
,"/Users/mac/Github code shit/cash-flow-wave/src/patterns/WeeklyBudgetStrategy.ts": {"path":"/Users/mac/Github code shit/cash-flow-wave/src/patterns/WeeklyBudgetStrategy.ts","statementMap":{"0":{"start":{"line":6,"column":18},"end":{"line":6,"column":41}},"1":{"start":{"line":7,"column":21},"end":{"line":7,"column":52}},"2":{"start":{"line":13,"column":21},"end":{"line":13,"column":50}},"3":{"start":{"line":14,"column":4},"end":{"line":14,"column":40}},"4":{"start":{"line":14,"column":25},"end":{"line":14,"column":40}},"5":{"start":{"line":16,"column":25},"end":{"line":16,"column":47}},"6":{"start":{"line":17,"column":4},"end":{"line":19,"column":5}},"7":{"start":{"line":18,"column":6},"end":{"line":18,"column":25}},"8":{"start":{"line":21,"column":4},"end":{"line":21,"column":51}},"9":{"start":{"line":22,"column":4},"end":{"line":22,"column":30}},"10":{"start":{"line":24,"column":16},"end":{"line":24,"column":31}},"11":{"start":{"line":25,"column":4},"end":{"line":25,"column":34}},"12":{"start":{"line":26,"column":4},"end":{"line":26,"column":33}},"13":{"start":{"line":28,"column":4},"end":{"line":28,"column":45}}},"fnMap":{"0":{"name":"(anonymous_0)","decl":{"start":{"line":5,"column":2},"end":{"line":5,"column":3}},"loc":{"start":{"line":5,"column":93},"end":{"line":29,"column":3}},"line":5}},"branchMap":{"0":{"loc":{"start":{"line":5,"column":36},"end":{"line":5,"column":78}},"type":"default-arg","locations":[{"start":{"line":5,"column":58},"end":{"line":5,"column":78}}],"line":5},"1":{"loc":{"start":{"line":14,"column":4},"end":{"line":14,"column":40}},"type":"if","locations":[{"start":{"line":14,"column":4},"end":{"line":14,"column":40}},{"start":{},"end":{}}],"line":14},"2":{"loc":{"start":{"line":17,"column":4},"end":{"line":19,"column":5}},"type":"if","locations":[{"start":{"line":17,"column":4},"end":{"line":19,"column":5}},{"start":{},"end":{}}],"line":17}},"s":{"0":2,"1":2,"2":2,"3":2,"4":0,"5":2,"6":2,"7":1,"8":2,"9":2,"10":2,"11":2,"12":2,"13":2},"f":{"0":2},"b":{"0":[0],"1":[0,2],"2":[1,1]},"_coverageSchema":"1a1c01bbd47fc00a2c39e90264f33305004495a9","hash":"4ae56e64a92e6a626ab8922920f0d673b4b04c4d"}
,"/Users/mac/Github code shit/cash-flow-wave/src/services/TimeService.ts": {"path":"/Users/mac/Github code shit/cash-flow-wave/src/services/TimeService.ts","statementMap":{"0":{"start":{"line":9,"column":4},"end":{"line":9,"column":22}},"1":{"start":{"line":13,"column":4},"end":{"line":13,"column":49}},"2":{"start":{"line":17,"column":27},"end":{"line":17,"column":48}}},"fnMap":{"0":{"name":"(anonymous_0)","decl":{"start":{"line":4,"column":2},"end":{"line":4,"column":3}},"loc":{"start":{"line":4,"column":15},"end":{"line":6,"column":3}},"line":4},"1":{"name":"(anonymous_1)","decl":{"start":{"line":8,"column":2},"end":{"line":8,"column":3}},"loc":{"start":{"line":8,"column":17},"end":{"line":10,"column":3}},"line":8},"2":{"name":"(anonymous_2)","decl":{"start":{"line":12,"column":2},"end":{"line":12,"column":3}},"loc":{"start":{"line":12,"column":30},"end":{"line":14,"column":3}},"line":12}},"branchMap":{},"s":{"0":0,"1":2,"2":1},"f":{"0":0,"1":0,"2":2},"b":{},"_coverageSchema":"1a1c01bbd47fc00a2c39e90264f33305004495a9","hash":"55e515f1486709ba78d19ad9d5358b03824a8686"}
,"/Users/mac/Github code shit/cash-flow-wave/src/store/appStore.ts": {"path":"/Users/mac/Github code shit/cash-flow-wave/src/store/appStore.ts","statementMap":{"0":{"start":{"line":27,"column":27},"end":{"line":52,"column":1}},"1":{"start":{"line":29,"column":14},"end":{"line":46,"column":5}},"2":{"start":{"line":38,"column":27},"end":{"line":38,"column":41}},"3":{"start":{"line":39,"column":45},"end":{"line":39,"column":68}},"4":{"start":{"line":40,"column":49},"end":{"line":40,"column":74}},"5":{"start":{"line":41,"column":33},"end":{"line":41,"column":50}},"6":{"start":{"line":42,"column":61},"end":{"line":42,"column":92}},"7":{"start":{"line":43,"column":53},"end":{"line":43,"column":80}},"8":{"start":{"line":44,"column":41},"end":{"line":44,"column":62}},"9":{"start":{"line":45,"column":45},"end":{"line":45,"column":68}},"10":{"start":{"line":49,"column":39},"end":{"line":49,"column":51}}},"fnMap":{"0":{"name":"(anonymous_0)","decl":{"start":{"line":29,"column":4},"end":{"line":29,"column":5}},"loc":{"start":{"line":29,"column":14},"end":{"line":46,"column":5}},"line":29},"1":{"name":"(anonymous_1)","decl":{"start":{"line":38,"column":16},"end":{"line":38,"column":17}},"loc":{"start":{"line":38,"column":27},"end":{"line":38,"column":41}},"line":38},"2":{"name":"(anonymous_2)","decl":{"start":{"line":39,"column":25},"end":{"line":39,"column":26}},"loc":{"start":{"line":39,"column":45},"end":{"line":39,"column":68}},"line":39},"3":{"name":"(anonymous_3)","decl":{"start":{"line":40,"column":27},"end":{"line":40,"column":28}},"loc":{"start":{"line":40,"column":49},"end":{"line":40,"column":74}},"line":40},"4":{"name":"(anonymous_4)","decl":{"start":{"line":41,"column":19},"end":{"line":41,"column":20}},"loc":{"start":{"line":41,"column":33},"end":{"line":41,"column":50}},"line":41},"5":{"name":"(anonymous_5)","decl":{"start":{"line":42,"column":33},"end":{"line":42,"column":34}},"loc":{"start":{"line":42,"column":61},"end":{"line":42,"column":92}},"line":42},"6":{"name":"(anonymous_6)","decl":{"start":{"line":43,"column":29},"end":{"line":43,"column":30}},"loc":{"start":{"line":43,"column":53},"end":{"line":43,"column":80}},"line":43},"7":{"name":"(anonymous_7)","decl":{"start":{"line":44,"column":23},"end":{"line":44,"column":24}},"loc":{"start":{"line":44,"column":41},"end":{"line":44,"column":62}},"line":44},"8":{"name":"(anonymous_8)","decl":{"start":{"line":45,"column":25},"end":{"line":45,"column":26}},"loc":{"start":{"line":45,"column":45},"end":{"line":45,"column":68}},"line":45},"9":{"name":"(anonymous_9)","decl":{"start":{"line":49,"column":33},"end":{"line":49,"column":34}},"loc":{"start":{"line":49,"column":39},"end":{"line":49,"column":51}},"line":49}},"branchMap":{},"s":{"0":1,"1":1,"2":0,"3":0,"4":0,"5":0,"6":0,"7":0,"8":0,"9":0,"10":1},"f":{"0":1,"1":0,"2":0,"3":0,"4":0,"5":0,"6":0,"7":0,"8":0,"9":1},"b":{},"_coverageSchema":"1a1c01bbd47fc00a2c39e90264f33305004495a9","hash":"0525d7a252f4a32166ed1b616e93f41edda430fc"}
,"/Users/mac/Github code shit/cash-flow-wave/src/types/index.ts": {"path":"/Users/mac/Github code shit/cash-flow-wave/src/types/index.ts","statementMap":{},"fnMap":{},"branchMap":{},"s":{},"f":{},"b":{},"_coverageSchema":"1a1c01bbd47fc00a2c39e90264f33305004495a9","hash":"0c08bea1e00d97075f4085347554cff485eb3436"}
,"/Users/mac/Github code shit/cash-flow-wave/src/utils/currencyFormatter.ts": {"path":"/Users/mac/Github code shit/cash-flow-wave/src/utils/currencyFormatter.ts","statementMap":{"0":{"start":{"line":2,"column":2},"end":{"line":2,"column":33}},"1":{"start":{"line":6,"column":2},"end":{"line":6,"column":20}},"2":{"start":{"line":15,"column":21},"end":{"line":15,"column":30}},"3":{"start":{"line":16,"column":16},"end":{"line":16,"column":42}},"4":{"start":{"line":17,"column":20},"end":{"line":20,"column":4}},"5":{"start":{"line":21,"column":15},"end":{"line":21,"column":36}},"6":{"start":{"line":22,"column":2},"end":{"line":22,"column":97}}},"fnMap":{"0":{"name":"toCents","decl":{"start":{"line":1,"column":16},"end":{"line":1,"column":23}},"loc":{"start":{"line":1,"column":48},"end":{"line":3,"column":1}},"line":1},"1":{"name":"fromCents","decl":{"start":{"line":5,"column":16},"end":{"line":5,"column":25}},"loc":{"start":{"line":5,"column":49},"end":{"line":7,"column":1}},"line":5},"2":{"name":"formatCurrency","decl":{"start":{"line":9,"column":16},"end":{"line":9,"column":30}},"loc":{"start":{"line":14,"column":10},"end":{"line":23,"column":1}},"line":14}},"branchMap":{"0":{"loc":{"start":{"line":11,"column":2},"end":{"line":11,"column":22}},"type":"default-arg","locations":[{"start":{"line":11,"column":19},"end":{"line":11,"column":22}}],"line":11},"1":{"loc":{"start":{"line":12,"column":2},"end":{"line":12,"column":42}},"type":"default-arg","locations":[{"start":{"line":12,"column":34},"end":{"line":12,"column":42}}],"line":12},"2":{"loc":{"start":{"line":13,"column":2},"end":{"line":13,"column":30}},"type":"default-arg","locations":[{"start":{"line":13,"column":26},"end":{"line":13,"column":30}}],"line":13},"3":{"loc":{"start":{"line":18,"column":27},"end":{"line":18,"column":47}},"type":"cond-expr","locations":[{"start":{"line":18,"column":42},"end":{"line":18,"column":43}},{"start":{"line":18,"column":46},"end":{"line":18,"column":47}}],"line":18},"4":{"loc":{"start":{"line":19,"column":27},"end":{"line":19,"column":47}},"type":"cond-expr","locations":[{"start":{"line":19,"column":42},"end":{"line":19,"column":43}},{"start":{"line":19,"column":46},"end":{"line":19,"column":47}}],"line":19},"5":{"loc":{"start":{"line":21,"column":15},"end":{"line":21,"column":36}},"type":"cond-expr","locations":[{"start":{"line":21,"column":28},"end":{"line":21,"column":31}},{"start":{"line":21,"column":34},"end":{"line":21,"column":36}}],"line":21},"6":{"loc":{"start":{"line":22,"column":9},"end":{"line":22,"column":97}},"type":"cond-expr","locations":[{"start":{"line":22,"column":33},"end":{"line":22,"column":63}},{"start":{"line":22,"column":66},"end":{"line":22,"column":97}}],"line":22}},"s":{"0":7,"1":18,"2":14,"3":14,"4":14,"5":14,"6":14},"f":{"0":7,"1":18,"2":14},"b":{"0":[0],"1":[0],"2":[11],"3":[12,2],"4":[12,2],"5":[1,13],"6":[12,2]},"_coverageSchema":"1a1c01bbd47fc00a2c39e90264f33305004495a9","hash":"8303026475829601d340fa4888b22552cf31445a"}
}
