TN:
SF:src/components/AddAccountModal.tsx
FN:16,(anonymous_0)
FN:26,(anonymous_1)
FN:89,(anonymous_2)
FN:105,(anonymous_3)
FN:122,(anonymous_4)
FN:134,(anonymous_5)
FNF:6
FNH:6
FNDA:7,(anonymous_0)
FNDA:2,(anonymous_1)
FNDA:1,(anonymous_2)
FNDA:1,(anonymous_3)
FNDA:2,(anonymous_4)
FNDA:1,(anonymous_5)
DA:16,1
DA:17,7
DA:18,7
DA:20,7
DA:21,7
DA:22,7
DA:23,7
DA:24,7
DA:26,7
DA:27,2
DA:28,0
DA:29,0
DA:32,2
DA:33,2
DA:34,0
DA:35,0
DA:36,0
DA:37,0
DA:39,0
DA:42,2
DA:43,2
DA:45,2
DA:46,2
DA:48,2
DA:49,2
DA:50,2
DA:51,2
DA:52,2
DA:53,2
DA:55,0
DA:59,7
DA:89,1
DA:105,1
DA:122,2
DA:134,1
DA:168,1
LF:36
LH:28
BRDA:27,0,0,0
BRDA:27,0,1,2
BRDA:33,1,0,0
BRDA:33,1,1,2
BRDA:35,2,0,0
BRDA:35,2,1,0
BRDA:48,3,0,2
BRDA:48,3,1,0
BRDA:55,4,0,0
BRDA:55,4,1,0
BRDA:64,5,0,7
BRDA:64,5,1,0
BRDA:77,6,0,0
BRDA:77,6,1,7
BRDA:85,7,0,6
BRDA:85,7,1,1
BRDA:86,8,0,6
BRDA:86,8,1,1
BRDA:91,9,0,6
BRDA:91,9,1,1
BRDA:92,10,0,6
BRDA:92,10,1,1
BRDA:101,11,0,1
BRDA:101,11,1,6
BRDA:102,12,0,1
BRDA:102,12,1,6
BRDA:107,13,0,1
BRDA:107,13,1,6
BRDA:108,14,0,1
BRDA:108,14,1,6
BRDA:117,15,0,7
BRDA:117,15,1,0
BRDA:138,16,0,6
BRDA:138,16,1,1
BRDA:153,17,0,0
BRDA:153,17,1,7
BRDA:157,18,0,0
BRDA:157,18,1,7
BRDA:185,19,0,1
BRDA:185,19,1,0
BRF:40
BRH:27
end_of_record
TN:
SF:src/components/AddTransactionModal.tsx
FN:20,(anonymous_0)
FN:21,(anonymous_1)
FN:26,(anonymous_2)
FN:31,(anonymous_3)
FN:38,(anonymous_4)
FN:39,(anonymous_5)
FN:44,(anonymous_6)
FN:49,(anonymous_7)
FN:56,(anonymous_8)
FN:62,(anonymous_9)
FN:77,(anonymous_10)
FN:78,(anonymous_11)
FN:81,(anonymous_12)
FN:93,(anonymous_13)
FN:95,(anonymous_14)
FN:116,(anonymous_15)
FN:155,(anonymous_16)
FN:159,(anonymous_17)
FN:164,(anonymous_18)
FN:168,(anonymous_19)
FN:205,(anonymous_20)
FN:216,(anonymous_21)
FN:231,(anonymous_22)
FN:241,(anonymous_23)
FN:253,(anonymous_24)
FN:267,(anonymous_25)
FNF:26
FNH:20
FNDA:6,(anonymous_0)
FNDA:6,(anonymous_1)
FNDA:6,(anonymous_2)
FNDA:0,(anonymous_3)
FNDA:6,(anonymous_4)
FNDA:6,(anonymous_5)
FNDA:6,(anonymous_6)
FNDA:0,(anonymous_7)
FNDA:8,(anonymous_8)
FNDA:8,(anonymous_9)
FNDA:3,(anonymous_10)
FNDA:3,(anonymous_11)
FNDA:3,(anonymous_12)
FNDA:6,(anonymous_13)
FNDA:1,(anonymous_14)
FNDA:1,(anonymous_15)
FNDA:6,(anonymous_16)
FNDA:0,(anonymous_17)
FNDA:6,(anonymous_18)
FNDA:0,(anonymous_19)
FNDA:0,(anonymous_20)
FNDA:1,(anonymous_21)
FNDA:1,(anonymous_22)
FNDA:0,(anonymous_23)
FNDA:8,(anonymous_24)
FNDA:8,(anonymous_25)
DA:20,1
DA:21,6
DA:26,6
DA:30,6
DA:31,0
DA:38,1
DA:39,6
DA:44,6
DA:48,6
DA:49,0
DA:56,1
DA:57,8
DA:58,8
DA:59,8
DA:61,8
DA:62,8
DA:75,8
DA:77,8
DA:78,3
DA:79,3
DA:80,3
DA:81,3
DA:83,3
DA:84,3
DA:85,2
DA:88,3
DA:89,3
DA:90,3
DA:91,3
DA:92,3
DA:93,6
DA:95,3
DA:96,3
DA:97,0
DA:98,0
DA:102,3
DA:109,0
DA:113,3
DA:116,8
DA:117,1
DA:118,0
DA:119,0
DA:121,1
DA:122,0
DA:123,0
DA:125,1
DA:126,0
DA:127,0
DA:130,1
DA:132,1
DA:134,1
DA:143,1
DA:145,1
DA:146,0
DA:147,0
DA:148,0
DA:149,0
DA:151,1
DA:155,8
DA:156,6
DA:159,0
DA:164,8
DA:165,6
DA:168,0
DA:173,8
DA:205,0
DA:216,1
DA:231,1
DA:241,0
DA:253,8
DA:267,8
DA:303,1
LF:72
LH:53
BRDA:22,0,0,6
BRDA:22,0,1,0
BRDA:23,1,0,6
BRDA:23,1,1,0
BRDA:27,2,0,6
BRDA:27,2,1,0
BRDA:32,3,0,6
BRDA:32,3,1,0
BRDA:40,4,0,6
BRDA:40,4,1,0
BRDA:41,5,0,6
BRDA:41,5,1,0
BRDA:45,6,0,6
BRDA:45,6,1,0
BRDA:50,7,0,6
BRDA:50,7,1,0
BRDA:62,8,0,0
BRDA:62,8,1,8
BRDA:84,9,0,2
BRDA:84,9,1,1
BRDA:84,10,0,3
BRDA:84,10,1,3
BRDA:90,11,0,3
BRDA:90,11,1,0
BRDA:92,12,0,2
BRDA:92,12,1,1
BRDA:93,13,0,6
BRDA:93,13,1,3
BRDA:95,14,0,3
BRDA:95,14,1,0
BRDA:95,15,0,3
BRDA:95,15,1,3
BRDA:95,15,2,1
BRDA:97,16,0,0
BRDA:97,16,1,0
BRDA:117,17,0,0
BRDA:117,17,1,1
BRDA:117,18,0,1
BRDA:117,18,1,1
BRDA:121,19,0,0
BRDA:121,19,1,1
BRDA:125,20,0,0
BRDA:125,20,1,1
BRDA:125,21,0,1
BRDA:125,21,1,1
BRDA:138,22,0,1
BRDA:138,22,1,1
BRDA:138,23,0,0
BRDA:138,23,1,1
BRDA:140,24,0,1
BRDA:140,24,1,0
BRDA:145,25,0,0
BRDA:145,25,1,1
BRDA:151,26,0,1
BRDA:151,26,1,1
BRDA:178,27,0,8
BRDA:178,27,1,0
BRDA:192,28,0,1
BRDA:192,28,1,7
BRDA:203,29,0,8
BRDA:203,29,1,4
BRDA:207,30,0,4
BRDA:207,30,1,4
BRDA:208,31,0,4
BRDA:208,31,1,4
BRDA:214,32,0,8
BRDA:214,32,1,4
BRDA:218,33,0,4
BRDA:218,33,1,4
BRDA:219,34,0,4
BRDA:219,34,1,4
BRDA:236,35,0,8
BRDA:236,35,1,0
BRDA:259,36,0,8
BRDA:259,36,1,8
BRDA:287,37,0,0
BRDA:287,37,1,8
BRDA:291,38,0,0
BRDA:291,38,1,8
BRDA:316,39,0,1
BRDA:316,39,1,0
BRF:81
BRH:57
end_of_record
TN:
SF:src/components/CategoryManagerModal.tsx
FN:17,(anonymous_0)
FN:31,(anonymous_1)
FN:40,(anonymous_2)
FN:50,(anonymous_3)
FN:59,(anonymous_4)
FN:68,(anonymous_5)
FN:81,(anonymous_6)
FN:82,(anonymous_7)
FN:114,(anonymous_8)
FN:128,(anonymous_9)
FN:141,(anonymous_10)
FN:147,(anonymous_11)
FN:155,(anonymous_12)
FN:173,(anonymous_13)
FN:181,(anonymous_14)
FN:190,(anonymous_15)
FN:198,(anonymous_16)
FNF:17
FNH:9
FNDA:5,(anonymous_0)
FNDA:3,(anonymous_1)
FNDA:1,(anonymous_2)
FNDA:1,(anonymous_3)
FNDA:0,(anonymous_4)
FNDA:0,(anonymous_5)
FNDA:3,(anonymous_6)
FNDA:3,(anonymous_7)
FNDA:0,(anonymous_8)
FNDA:0,(anonymous_9)
FNDA:1,(anonymous_10)
FNDA:40,(anonymous_11)
FNDA:0,(anonymous_12)
FNDA:3,(anonymous_13)
FNDA:0,(anonymous_14)
FNDA:0,(anonymous_15)
FNDA:0,(anonymous_16)
DA:15,1
DA:17,1
DA:18,5
DA:19,5
DA:21,5
DA:24,5
DA:25,5
DA:26,5
DA:27,5
DA:28,5
DA:31,5
DA:32,3
DA:33,3
DA:34,3
DA:36,0
DA:40,5
DA:41,1
DA:42,0
DA:43,0
DA:46,1
DA:47,1
DA:48,1
DA:49,1
DA:50,1
DA:51,1
DA:53,0
DA:55,1
DA:59,5
DA:60,0
DA:69,0
DA:70,0
DA:71,0
DA:73,0
DA:81,5
DA:82,5
DA:84,5
DA:114,0
DA:128,0
DA:141,1
DA:148,40
DA:155,0
DA:174,3
DA:181,0
DA:191,0
DA:198,0
DA:214,1
LF:46
LH:31
BRDA:41,0,0,0
BRDA:41,0,1,1
BRDA:53,1,0,0
BRDA:53,1,1,0
BRDA:73,2,0,0
BRDA:73,2,1,0
BRDA:89,3,0,5
BRDA:89,3,1,0
BRDA:110,4,0,5
BRDA:110,4,1,0
BRDA:111,5,0,5
BRDA:111,5,1,0
BRDA:116,6,0,5
BRDA:116,6,1,0
BRDA:117,7,0,5
BRDA:117,7,1,0
BRDA:124,8,0,0
BRDA:124,8,1,5
BRDA:125,9,0,0
BRDA:125,9,1,5
BRDA:130,10,0,0
BRDA:130,10,1,5
BRDA:131,11,0,0
BRDA:131,11,1,5
BRDA:136,12,0,5
BRDA:136,12,1,0
BRDA:153,13,0,40
BRDA:153,13,1,5
BRDA:161,14,0,0
BRDA:161,14,1,5
BRDA:165,15,0,0
BRDA:165,15,1,5
BRDA:227,16,0,1
BRDA:227,16,1,0
BRF:34
BRH:16
end_of_record
TN:
SF:src/components/NetWorthCard.tsx
FN:17,(anonymous_0)
FNF:1
FNH:1
FNDA:1,(anonymous_0)
DA:17,1
DA:21,1
DA:22,1
DA:23,1
DA:24,1
DA:26,1
DA:27,1
DA:28,1
DA:29,1
DA:31,1
DA:88,1
LF:11
LH:11
BRF:0
BRH:0
end_of_record
TN:
SF:src/components/TransactionDetailsModal.tsx
FN:28,(anonymous_0)
FN:42,(anonymous_1)
FNF:2
FNH:2
FNDA:4,(anonymous_0)
FNDA:1,(anonymous_1)
DA:28,1
DA:33,4
DA:34,4
DA:35,4
DA:37,4
DA:38,4
DA:42,4
DA:43,1
DA:44,1
DA:45,1
DA:46,1
DA:48,0
DA:51,1
DA:52,1
DA:53,1
DA:54,1
DA:56,0
DA:59,0
DA:63,4
DA:65,2
DA:66,2
DA:68,2
DA:167,1
LF:23
LH:20
BRDA:43,0,0,0
BRDA:43,0,1,1
BRDA:51,1,0,1
BRDA:51,1,1,0
BRDA:63,2,0,2
BRDA:63,2,1,2
BRDA:91,3,0,0
BRDA:91,3,1,2
BRDA:92,4,0,0
BRDA:92,4,1,2
BRDA:97,5,0,0
BRDA:97,5,1,2
BRDA:98,6,0,0
BRDA:98,6,1,2
BRDA:100,7,0,0
BRDA:100,7,1,2
BRDA:101,8,0,0
BRDA:101,8,1,2
BRDA:111,9,0,2
BRDA:111,9,1,0
BRDA:132,10,0,2
BRDA:132,10,1,1
BRDA:136,11,0,2
BRDA:136,11,1,1
BRF:24
BRH:15
end_of_record
TN:
SF:src/components/TransactionHistoryModal.tsx
FN:26,(anonymous_0)
FN:39,(anonymous_1)
FN:48,(anonymous_2)
FN:58,(anonymous_3)
FN:124,(anonymous_4)
FN:137,(anonymous_5)
FNF:6
FNH:3
FNDA:2,(anonymous_0)
FNDA:1,(anonymous_1)
FNDA:1,(anonymous_2)
FNDA:0,(anonymous_3)
FNDA:0,(anonymous_4)
FNDA:0,(anonymous_5)
DA:26,1
DA:30,2
DA:31,2
DA:32,2
DA:34,2
DA:35,2
DA:36,2
DA:39,2
DA:40,1
DA:41,1
DA:42,1
DA:43,1
DA:45,1
DA:48,2
DA:49,1
DA:50,1
DA:52,1
DA:58,0
DA:94,2
DA:124,0
DA:137,0
DA:143,1
LF:22
LH:19
BRDA:42,0,0,1
BRDA:42,0,1,0
BRDA:42,1,0,1
BRDA:42,1,1,1
BRDA:64,2,0,0
BRDA:64,2,1,1
BRDA:67,3,0,0
BRDA:67,3,1,1
BRDA:75,4,0,1
BRDA:75,4,1,0
BRDA:85,5,0,0
BRDA:85,5,1,1
BRDA:88,6,0,0
BRDA:88,6,1,1
BRDA:115,7,0,0
BRDA:115,7,1,2
BRDA:115,8,0,2
BRDA:115,8,1,1
BRF:18
BRH:11
end_of_record
TN:
SF:src/patterns/MonthlyBudgetStrategy.ts
FN:5,(anonymous_0)
FN:11,(anonymous_1)
FNF:2
FNH:2
FNDA:4,(anonymous_0)
FNDA:8,(anonymous_1)
DA:6,4
DA:7,4
DA:8,4
DA:11,4
DA:12,8
DA:16,4
DA:17,4
DA:18,4
DA:23,4
DA:25,1
DA:28,1
DA:29,1
DA:30,1
DA:31,1
DA:32,1
DA:34,1
DA:37,3
DA:38,3
DA:39,3
DA:40,3
DA:42,3
DA:43,3
DA:46,4
LF:23
LH:23
BRDA:5,0,0,0
BRDA:23,1,0,1
BRDA:23,1,1,3
BRDA:28,2,0,0
BRDA:28,2,1,1
BRDA:29,3,0,0
BRDA:29,3,1,1
BRDA:37,4,0,0
BRDA:37,4,1,3
BRDA:38,5,0,0
BRDA:38,5,1,3
BRF:11
BRH:6
end_of_record
TN:
SF:src/patterns/WeeklyBudgetStrategy.ts
FN:5,(anonymous_0)
FNF:1
FNH:1
FNDA:2,(anonymous_0)
DA:6,2
DA:7,2
DA:13,2
DA:14,2
DA:16,2
DA:17,2
DA:18,1
DA:21,2
DA:22,2
DA:24,2
DA:25,2
DA:26,2
DA:28,2
LF:13
LH:13
BRDA:5,0,0,0
BRDA:14,1,0,0
BRDA:14,1,1,2
BRDA:17,2,0,1
BRDA:17,2,1,1
BRF:5
BRH:3
end_of_record
TN:
SF:src/services/TimeService.ts
FN:4,(anonymous_0)
FN:8,(anonymous_1)
FN:12,(anonymous_2)
FNF:3
FNH:1
FNDA:0,(anonymous_0)
FNDA:0,(anonymous_1)
FNDA:2,(anonymous_2)
DA:9,0
DA:13,2
DA:17,1
LF:3
LH:2
BRF:0
BRH:0
end_of_record
TN:
SF:src/store/appStore.ts
FN:29,(anonymous_0)
FN:38,(anonymous_1)
FN:39,(anonymous_2)
FN:40,(anonymous_3)
FN:41,(anonymous_4)
FN:42,(anonymous_5)
FN:43,(anonymous_6)
FN:44,(anonymous_7)
FN:45,(anonymous_8)
FN:49,(anonymous_9)
FNF:10
FNH:2
FNDA:1,(anonymous_0)
FNDA:0,(anonymous_1)
FNDA:0,(anonymous_2)
FNDA:0,(anonymous_3)
FNDA:0,(anonymous_4)
FNDA:0,(anonymous_5)
FNDA:0,(anonymous_6)
FNDA:0,(anonymous_7)
FNDA:0,(anonymous_8)
FNDA:1,(anonymous_9)
DA:27,1
DA:29,1
DA:38,0
DA:39,0
DA:40,0
DA:41,0
DA:42,0
DA:43,0
DA:44,0
DA:45,0
DA:49,1
LF:11
LH:3
BRF:0
BRH:0
end_of_record
TN:
SF:src/types/index.ts
FNF:0
FNH:0
LF:0
LH:0
BRF:0
BRH:0
end_of_record
TN:
SF:src/utils/currencyFormatter.ts
FN:1,toCents
FN:5,fromCents
FN:9,formatCurrency
FNF:3
FNH:3
FNDA:7,toCents
FNDA:18,fromCents
FNDA:14,formatCurrency
DA:2,7
DA:6,18
DA:15,14
DA:16,14
DA:17,14
DA:21,14
DA:22,14
LF:7
LH:7
BRDA:11,0,0,0
BRDA:12,1,0,0
BRDA:13,2,0,11
BRDA:18,3,0,12
BRDA:18,3,1,2
BRDA:19,4,0,12
BRDA:19,4,1,2
BRDA:21,5,0,1
BRDA:21,5,1,13
BRDA:22,6,0,12
BRDA:22,6,1,2
BRF:11
BRH:9
end_of_record
